-------------------------------------------------------------------------------
Test set: cucumberOptions.JUnitTestRunnerTest
-------------------------------------------------------------------------------
Tests run: 4, Failures: 1, Errors: 0, Skipped: 0, Time elapsed: 33.551 s <<< FAILURE! - in cucumberOptions.JUnitTestRunnerTest
Search and Place the order for products.Search Experience for product search in both home and Offers page #2  Time elapsed: 8.863 s  <<< FAILURE!
org.junit.ComparisonFailure: expected:<[Beetroot]> but was:<[No data]>

