-------------------------------------------------------------------------------
Test set: Search and Place the order for products
-------------------------------------------------------------------------------
Tests run: 2, Failures: 1, Errors: 0, Skipped: 0, Time elapsed: 27.56 s <<< FAILURE! - in Search and Place the order for products
Search and Place the order for products.Search Experience for product search in both home and Offers page #2  Time elapsed: 11.035 s  <<< FAILURE!
org.junit.ComparisonFailure: expected:<[Beetroot]> but was:<[No data]>

