<?xml version="1.0" encoding="UTF-8"?>
<!-- Generated by org.testng.reporters.JUnitReportReporter -->
<testsuite hostname="DESKTOP-7URID6Q" failures="1" tests="1" name="cucumberOptions.FailedTestNGTestRunner" time="10.303" errors="0" timestamp="2024-11-29T18:46:43 IST" skipped="0">
  <testcase classname="cucumberOptions.FailedTestNGTestRunner" name="runScenario" time="10.303">
    <failure message="expected [No data] but found [Beetroot]" type="java.lang.AssertionError">
      <![CDATA[java.lang.AssertionError: expected [No data] but found [Beetroot]
at org.testng.Assert.fail(Assert.java:111)
at org.testng.Assert.failNotEquals(Assert.java:1578)
at org.testng.Assert.assertEqualsImpl(Assert.java:150)
at org.testng.Assert.assertEquals(Assert.java:132)
at org.testng.Assert.assertEquals(Assert.java:656)
at org.testng.Assert.assertEquals(Assert.java:666)
at stepDefinitions.OfferPageStepDefinitions.validate_product_name_in_offers_page_matched_with_the_landing_page(OfferPageStepDefinitions.java:40)
at ✽.Validate product name in offers page matched with the landing page(file:///D:/Learning/selenium/BDDCucumberWorkspace/cucumber_selenium_framework/src/test/java/featureFiles/searchProduct.feature:8)
]]>
    </failure>
  </testcase> <!-- runScenario -->
</testsuite> <!-- cucumberOptions.FailedTestNGTestRunner -->
